<?xml version="1.0" encoding="UTF-8"?>
<!-- Generated by org.testng.reporters.JUnitReportReporter -->
<testsuite hostname="LTIN208099" failures="0" tests="3" name="com.featuredNews.testRunner.testNGRun" time="194.860" errors="0" timestamp="2024-02-14T09:53:27 IST" skipped="0">
  <testcase classname="com.featuredNews.testRunner.testNGRun" name="runScenario" time="2.380"/>
  <testcase classname="com.featuredNews.testRunner.testNGRun" name="runScenario" time="49.448"/>
  <testcase classname="com.featuredNews.testRunner.testNGRun" name="runScenario" time="143.032"/>
</testsuite> <!-- com.featuredNews.testRunner.testNGRun -->
