<?xml version="1.0" encoding="UTF-8"?>
<!-- Generated by org.testng.reporters.JUnitReportReporter -->
<testsuite hostname="LTIN208099" failures="0" tests="3" name="com.testRunner.testNG" time="68.203" errors="2" timestamp="2024-02-12T15:56:25 IST" skipped="0">
  <testcase classname="com.testRunner.testNG" name="runScenario" time="60.326"/>
  <testcase classname="com.testRunner.testNG" name="runScenario" time="1.146">
    <error message="C:\Users\2303771\eclipse-workspace\featuredNews_Project\src\test\resources\newsData.xlsx (The process cannot access the file because it is being used by another process)" type="java.io.FileNotFoundException">
      <![CDATA[java.io.FileNotFoundException: C:\Users\2303771\eclipse-workspace\featuredNews_Project\src\test\resources\newsData.xlsx (The process cannot access the file because it is being used by another process)
at java.base/java.io.FileOutputStream.open0(Native Method)
at java.base/java.io.FileOutputStream.open(FileOutputStream.java:293)
at java.base/java.io.FileOutputStream.<init>(FileOutputStream.java:235)
at java.base/java.io.FileOutputStream.<init>(FileOutputStream.java:123)
at com.utils.excelUtils.setCellData(excelUtils.java:92)
at com.pageObjects.featuredNewsPage.displayAllApps(featuredNewsPage.java:218)
at com.stepDefinitions.featuredNewsSteps.print_all_apps_under_apps_and_tools_header_of_homepage(featuredNewsSteps.java:83)
at ✽.print all Apps under Apps and Tools Header of Homepage(file:///C:/Users/2303771/eclipse-workspace/featuredNews_Project/./Features/featuredNewsInformation.feature:26)
]]>
    </error>
  </testcase> <!-- runScenario -->
  <testcase classname="com.testRunner.testNG" name="runScenario" time="6.731">
    <error message="C:\Users\2303771\eclipse-workspace\featuredNews_Project\src\test\resources\newsData.xlsx (The process cannot access the file because it is being used by another process)" type="java.io.FileNotFoundException">
      <![CDATA[java.io.FileNotFoundException: C:\Users\2303771\eclipse-workspace\featuredNews_Project\src\test\resources\newsData.xlsx (The process cannot access the file because it is being used by another process)
at java.base/java.io.FileOutputStream.open0(Native Method)
at java.base/java.io.FileOutputStream.open(FileOutputStream.java:293)
at java.base/java.io.FileOutputStream.<init>(FileOutputStream.java:235)
at java.base/java.io.FileOutputStream.<init>(FileOutputStream.java:123)
at com.utils.excelUtils.setCellData(excelUtils.java:92)
at com.pageObjects.featuredNewsPage.displayNewsHeading(featuredNewsPage.java:122)
at com.stepDefinitions.featuredNewsSteps.print_the_news_title_of_all_featured_news_displayed_on_be_cognizant_homepage(featuredNewsSteps.java:54)
at ✽.Print the news title of all featured news displayed on Be.cognizant homepage(file:///C:/Users/2303771/eclipse-workspace/featuredNews_Project/./Features/featuredNewsInformation.feature:19)
]]>
    </error>
  </testcase> <!-- runScenario -->
</testsuite> <!-- com.testRunner.testNG -->
