<?xml version="1.0" encoding="UTF-8"?>
<!-- Generated by org.testng.reporters.JUnitReportReporter -->
<testsuite hostname="LTIN279681" failures="0" tests="12" name="TestRunner.testRun" time="574.104" errors="0" timestamp="2024-03-04T17:06:27 IST" skipped="0">
  <testcase classname="TestRunner.testRun" name="runScenario" time="52.869"/>
  <system-out/>
  <testcase classname="TestRunner.testRun" name="runScenario" time="43.623"/>
  <system-out/>
  <testcase classname="TestRunner.testRun" name="runScenario" time="51.825"/>
  <system-out/>
  <testcase classname="TestRunner.testRun" name="runScenario" time="46.211"/>
  <system-out/>
  <testcase classname="TestRunner.testRun" name="runScenario" time="54.393"/>
  <system-out/>
  <testcase classname="TestRunner.testRun" name="runScenario" time="37.540"/>
  <system-out/>
  <testcase classname="TestRunner.testRun" name="runScenario" time="37.159"/>
  <system-out/>
  <testcase classname="TestRunner.testRun" name="runScenario" time="56.677"/>
  <system-out/>
  <testcase classname="TestRunner.testRun" name="runScenario" time="37.325"/>
  <system-out/>
  <testcase classname="TestRunner.testRun" name="runScenario" time="54.536"/>
  <system-out/>
  <testcase classname="TestRunner.testRun" name="runScenario" time="55.870"/>
  <system-out/>
  <testcase classname="TestRunner.testRun" name="runScenario" time="46.076"/>
  <system-out/>
</testsuite> <!-- TestRunner.testRun -->
