<?xml version="1.0" encoding="UTF-8"?>
<!-- Generated by org.testng.reporters.JUnitReportReporter -->
<testsuite hostname="LTIN208099" failures="0" tests="3" name="com.featuredNews.testRunner.testRun" time="294.311" errors="0" timestamp="2024-02-14T11:19:27 IST" skipped="0">
  <testcase classname="com.featuredNews.testRunner.testRun" name="runScenario" time="174.313"/>
  <testcase classname="com.featuredNews.testRunner.testRun" name="runScenario" time="2.337"/>
  <testcase classname="com.featuredNews.testRunner.testRun" name="runScenario" time="117.661"/>
</testsuite> <!-- com.featuredNews.testRunner.testRun -->
