<?xml version="1.0" encoding="UTF-8"?>
<!-- Generated by org.testng.reporters.JUnitReportReporter -->
<testsuite hostname="LTIN257247" failures="0" tests="4" name="TestRunner.testRun" time="391.828" errors="0" timestamp="2024-03-04T11:52:30 IST" skipped="0">
  <testcase classname="TestRunner.testRun" name="runScenario" time="170.454"/>
  <testcase classname="TestRunner.testRun" name="runScenario" time="90.246"/>
  <testcase classname="TestRunner.testRun" name="runScenario" time="58.348"/>
  <testcase classname="TestRunner.testRun" name="runScenario" time="72.780"/>
</testsuite> <!-- TestRunner.testRun -->
